<?xml version="1.0" encoding="UTF-8"?>
<!-- Generated by org.testng.reporters.JUnitReportReporter -->
<testsuite hostname="LAPTOP-9GECL9UO" failures="0" tests="2" name="testCases.TC104_BookHotelTest" time="11.020" errors="0" timestamp="2024-11-25T13:14:52 IST" skipped="0">
  <testcase classname="testCases.TC104_BookHotelTest" name="validlogin" time="1.596"/>
  <testcase classname="testCases.TC104_BookHotelTest" name="bookhotel" time="9.424"/>
</testsuite> <!-- testCases.TC104_BookHotelTest -->
