<?xml version="1.0" encoding="UTF-8"?>
<!-- Generated by org.testng.reporters.JUnitReportReporter -->
<testsuite hostname="LAPTOP-9GECL9UO" failures="0" tests="2" name="testCases.TC101_LoginTest" time="1.348" errors="0" timestamp="2024-11-25T13:32:33 IST" skipped="1">
  <testcase classname="testCases.TC101_LoginTest" name="Validlogin" time="1.348"/>
  <testcase classname="testCases.TC101_LoginTest" name="InvalidLogin">
    <skipped/>
  </testcase> <!-- InvalidLogin -->
</testsuite> <!-- testCases.TC101_LoginTest -->
