<?xml version="1.0" encoding="UTF-8"?>
<!-- Generated by org.testng.reporters.JUnitReportReporter -->
<testsuite hostname="LAPTOP-9GECL9UO" failures="0" tests="4" name="testCases.TC103_SelectHotelTest" time="8.596" errors="0" timestamp="2024-11-25T13:43:04 IST" skipped="0">
  <testcase classname="testCases.TC103_SelectHotelTest" name="valid_selectHotel" time="2.244"/>
  <testcase classname="testCases.TC103_SelectHotelTest" name="validate_searchhotel" time="2.313"/>
  <testcase classname="testCases.TC103_SelectHotelTest" name="withoutSelect_hotel" time="2.179"/>
  <testcase classname="testCases.TC103_SelectHotelTest" name="priceCalculation" time="1.860"/>
</testsuite> <!-- testCases.TC103_SelectHotelTest -->
