<?xml version="1.0" encoding="UTF-8"?>
<!-- Generated by org.testng.reporters.JUnitReportReporter -->
<testsuite hostname="LAPTOP-9GECL9UO" failures="0" tests="1" name="testCases.TC105_EndToEndTest" time="37.438" errors="0" timestamp="2024-11-25T16:36:02 IST" skipped="0">
  <testcase classname="testCases.TC105_EndToEndTest" name="BookingConfirmation" time="37.438"/>
</testsuite> <!-- testCases.TC105_EndToEndTest -->
