<?xml version="1.0" encoding="UTF-8"?>
<!-- Generated by org.testng.reporters.JUnitReportReporter -->
<testsuite hostname="LAPTOP-9GECL9UO" failures="0" tests="4" name="testCases.TC103_SelectHotelTest" time="10.777" errors="0" timestamp="2024-11-25T16:36:02 IST" skipped="0">
  <testcase classname="testCases.TC103_SelectHotelTest" name="valid_selectHotel" time="3.028"/>
  <testcase classname="testCases.TC103_SelectHotelTest" name="validate_searchhotel" time="3.135"/>
  <testcase classname="testCases.TC103_SelectHotelTest" name="withoutSelect_hotel" time="2.262"/>
  <testcase classname="testCases.TC103_SelectHotelTest" name="priceCalculation" time="2.352"/>
</testsuite> <!-- testCases.TC103_SelectHotelTest -->
