<?xml version="1.0" encoding="UTF-8"?>
<!-- Generated by org.testng.reporters.JUnitReportReporter -->
<testsuite hostname="LAPTOP-9GECL9UO" failures="0" tests="2" name="testCases.TC104_BookHotelTest" time="16.500" errors="0" timestamp="2024-11-25T16:36:02 IST" skipped="0">
  <testcase classname="testCases.TC104_BookHotelTest" name="validlogin" time="2.225"/>
  <testcase classname="testCases.TC104_BookHotelTest" name="bookhotel" time="14.275"/>
</testsuite> <!-- testCases.TC104_BookHotelTest -->
